<?xml version="1.0" encoding="UTF-8"?>
<testsuite xmlns:xsi="http://www.w3.org/2001/XMLSchema-instance" xsi:noNamespaceSchemaLocation="https://maven.apache.org/surefire/maven-surefire-plugin/xsd/surefire-test-report.xsd" name="com.stellarburgertest.AuthorizationTest" time="44.584" tests="4" errors="0" skipped="0" failures="0">
  <properties>
[...]
</properties>
  <testcase name="authorizationByRestorePasswordLinkTest" classname="com.stellarburgertest.AuthorizationTest" time="15.03"/>
  <testcase name="authorizationByPersonalAccountTest" classname="com.stellarburgertest.AuthorizationTest" time="8.632"/>
  <testcase name="authorizationByRegistrationLinkTest" classname="com.stellarburgertest.AuthorizationTest" time="9.765"/>
  <testcase name="mainPageAuthorizationButtonTest" classname="com.stellarburgertest.AuthorizationTest" time="10.621"/>
</testsuite>